#
# There is insufficient memory for the Java Runtime Environment to continue.
# Native memory allocation (mmap) failed to map 2981888 bytes for G1 virtual space
# Possible reasons:
#   The system is out of physical RAM or swap space
#   The process is running with CompressedOops enabled, and the Java Heap may be blocking the growth of the native heap
# Possible solutions:
#   Reduce memory load on the system
#   Increase physical memory or swap space
#   Check if swap backing store is full
#   Decrease Java heap size (-Xmx/-Xms)
#   Decrease number of Java threads
#   Decrease Java thread stack sizes (-Xss)
#   Set larger code cache with -XX:ReservedCodeCacheSize=
#   JVM is running with Zero Based Compressed Oops mode in which the Java heap is
#     placed in the first 32GB address space. The Java Heap base address is the
#     maximum limit for the native heap growth. Please use -XX:HeapBaseMinAddress
#     to set the Java Heap base and to place the Java Heap above 32GB virtual address.
# This output file may be truncated or incomplete.
#
#  Out of Memory Error (os_windows.cpp:3548), pid=11276, tid=35636
#
# JRE version:  (17.0.5+8) (build )
# Java VM: OpenJDK 64-Bit Server VM (17.0.5+8-LTS, mixed mode, emulated-client, sharing, tiered, compressed oops, compressed class ptrs, g1 gc, windows-amd64)
# No core dump will be written. Minidumps are not enabled by default on client versions of Windows
#

---------------  S U M M A R Y ------------

Command Line: -XX:TieredStopAtLevel=1 -Xverify:none -Dspring.output.ansi.enabled=always -Dcom.sun.management.jmxremote -Dspring.jmx.enabled=true -Dspring.liveBeansView.mbeanDomain -Dspring.application.admin.enabled=true -javaagent:C:\Program Files\JetBrains\IntelliJ IDEA 2022.1.2\lib\idea_rt.jar=64187:C:\Program Files\JetBrains\IntelliJ IDEA 2022.1.2\bin -Dfile.encoding=UTF-8 com.example.carsshopam.CarsShopAmApplication

Host: Intel(R) Core(TM) i5-8250U CPU @ 1.60GHz, 8 cores, 11G,  Windows 10 , 64 bit Build 19041 (10.0.19041.2251)
Time: Sun Dec  4 12:32:02 2022  Windows 10 , 64 bit Build 19041 (10.0.19041.2251) elapsed time: 0.026606 seconds (0d 0h 0m 0s)

---------------  T H R E A D  ---------------

Current thread (0x0000022f91336080):  JavaThread "Unknown thread" [_thread_in_vm, id=35636, stack(0x000000578d100000,0x000000578d200000)]

Stack: [0x000000578d100000,0x000000578d200000]
Native frames: (J=compiled Java code, j=interpreted, Vv=VM code, C=native code)
V  [jvm.dll+0x646e0a]
V  [jvm.dll+0x7f7f14]
V  [jvm.dll+0x7f96ce]
V  [jvm.dll+0x7f9d23]
V  [jvm.dll+0x234c98]
V  [jvm.dll+0x643d6a]
V  [jvm.dll+0x63849a]
V  [jvm.dll+0x2f2ed9]
V  [jvm.dll+0x2fa066]
V  [jvm.dll+0x345a56]
V  [jvm.dll+0x345c6f]
V  [jvm.dll+0x2c9378]
V  [jvm.dll+0x2ca309]
V  [jvm.dll+0x7cb681]
V  [jvm.dll+0x352eb1]
V  [jvm.dll+0x7abb8e]
V  [jvm.dll+0x3ce293]
V  [jvm.dll+0x3cfc91]
C  [jli.dll+0x519f]
C  [ucrtbase.dll+0x21bb2]
C  [KERNEL32.DLL+0x174b4]
C  [ntdll.dll+0x526a1]


---------------  P R O C E S S  ---------------

Threads class SMR info:
_java_thread_list=0x00007ffd49ad6758, length=0, elements={
}

Java Threads: ( => current thread )

Other Threads:
  0x0000022f9138b070 GCTaskThread "GC Thread#0" [stack: 0x000000578d200000,0x000000578d300000] [id=40700]
  0x0000022f91397400 ConcurrentGCThread "G1 Main Marker" [stack: 0x000000578d300000,0x000000578d400000] [id=40624]
  0x0000022f91398ac0 ConcurrentGCThread "G1 Conc#0" [stack: 0x000000578d400000,0x000000578d500000] [id=4064]

[error occurred during error reporting (printing all threads), id 0xc0000005, EXCEPTION_ACCESS_VIOLATION (0xc0000005) at pc=0x00007ffd492ca567]

VM state: not at safepoint (not fully initialized)

VM Mutex/Monitor currently owned by a thread:  ([mutex/lock_event])
[0x0000022f913328f0] Heap_lock - owner thread: 0x0000022f91336080

Heap address: 0x000000074ba00000, size: 2886 MB, Compressed Oops mode: Zero based, Oop shift amount: 3

CDS archive(s) mapped at: [0x0000000000000000-0x0000000000000000-0x0000000000000000), size 0, SharedBaseAddress: 0x0000000800000000, ArchiveRelocationMode: 0.
Narrow klass base: 0x0000000000000000, Narrow klass shift: 0, Narrow klass range: 0x0

GC Precious Log:
<Empty>

Heap:
 garbage-first heap   total 0K, used 0K [0x000000074ba00000, 0x0000000800000000)
  region size 2048K, 0 young (0K), 0 survivors (0K)

[error occurred during error reporting (printing heap information), id 0xc0000005, EXCEPTION_ACCESS_VIOLATION (0xc0000005) at pc=0x00007ffd4968e739]

GC Heap History (0 events):
No events

Dll operation events (1 events):
Event: 0.018 Loaded shared library C:\Users\Sus\.jdks\corretto-17.0.5\bin\java.dll

Deoptimization events (0 events):
No events

Classes unloaded (0 events):
No events

Classes redefined (0 events):
No events

Internal exceptions (0 events):
No events

VM Operations (0 events):
No events

Events (0 events):
No events


Dynamic libraries:
0x00007ff67e530000 - 0x00007ff67e53d000 	C:\Users\Sus\.jdks\corretto-17.0.5\bin\java.exe
0x00007ffd7f170000 - 0x00007ffd7f368000 	C:\WINDOWS\SYSTEM32\ntdll.dll
0x00007ffd7d9d0000 - 0x00007ffd7da8f000 	C:\WINDOWS\System32\KERNEL32.DLL
0x00007ffd7cee0000 - 0x00007ffd7d1b2000 	C:\WINDOWS\System32\KERNELBASE.dll
0x00007ffd7cc50000 - 0x00007ffd7cd50000 	C:\WINDOWS\System32\ucrtbase.dll
0x00007ffd78da0000 - 0x00007ffd78db7000 	C:\Users\Sus\.jdks\corretto-17.0.5\bin\jli.dll
0x00007ffd77240000 - 0x00007ffd77255000 	C:\Users\Sus\.jdks\corretto-17.0.5\bin\VCRUNTIME140.dll
0x00007ffd7d6b0000 - 0x00007ffd7d84d000 	C:\WINDOWS\System32\USER32.dll
0x00007ffd7c870000 - 0x00007ffd7c892000 	C:\WINDOWS\System32\win32u.dll
0x00007ffd7e7c0000 - 0x00007ffd7e7eb000 	C:\WINDOWS\System32\GDI32.dll
0x00007ffd7caa0000 - 0x00007ffd7cbaf000 	C:\WINDOWS\System32\gdi32full.dll
0x00007ffd6c050000 - 0x00007ffd6c2ea000 	C:\WINDOWS\WinSxS\amd64_microsoft.windows.common-controls_6595b64144ccf1df_6.0.19041.1110_none_60b5254171f9507e\COMCTL32.dll
0x00007ffd7cbb0000 - 0x00007ffd7cc4d000 	C:\WINDOWS\System32\msvcp_win.dll
0x00007ffd7ef10000 - 0x00007ffd7efae000 	C:\WINDOWS\System32\msvcrt.dll
0x00007ffd7d3a0000 - 0x00007ffd7d3d2000 	C:\WINDOWS\System32\IMM32.DLL
0x0000000060850000 - 0x000000006085c000 	C:\Program Files (x86)\360\Total Security\safemon\SafeWrapper.dll
0x00007ffd7d2f0000 - 0x00007ffd7d39e000 	C:\WINDOWS\System32\ADVAPI32.dll
0x00007ffd7ee70000 - 0x00007ffd7ef0c000 	C:\WINDOWS\System32\sechost.dll
0x00007ffd7d1c0000 - 0x00007ffd7d2e5000 	C:\WINDOWS\System32\RPCRT4.dll
0x00007ffd6cea0000 - 0x00007ffd6cf32000 	C:\Program Files (x86)\360\Total Security\safemon\libzdtp64.dll
0x00007ffd7e070000 - 0x00007ffd7e7b3000 	C:\WINDOWS\System32\SHELL32.dll
0x00007ffd7f070000 - 0x00007ffd7f0c5000 	C:\WINDOWS\System32\SHLWAPI.dll
0x00007ffd7c400000 - 0x00007ffd7c40a000 	C:\WINDOWS\SYSTEM32\VERSION.dll
0x00007ffd6b290000 - 0x00007ffd6b32b000 	C:\Users\Sus\.jdks\corretto-17.0.5\bin\msvcp140.dll
0x00007ffd48ff0000 - 0x00007ffd49c04000 	C:\Users\Sus\.jdks\corretto-17.0.5\bin\server\jvm.dll
0x00007ffd6cf50000 - 0x00007ffd6cf77000 	C:\WINDOWS\SYSTEM32\WINMM.dll
0x00007ffd6e040000 - 0x00007ffd6e049000 	C:\WINDOWS\SYSTEM32\WSOCK32.dll
0x00007ffd7e000000 - 0x00007ffd7e06b000 	C:\WINDOWS\System32\WS2_32.dll
0x00007ffd7b080000 - 0x00007ffd7b092000 	C:\WINDOWS\SYSTEM32\kernel.appcore.dll
0x00007ffd78d40000 - 0x00007ffd78d4a000 	C:\Users\Sus\.jdks\corretto-17.0.5\bin\jimage.dll
0x00007ffd7ad70000 - 0x00007ffd7af54000 	C:\WINDOWS\SYSTEM32\DBGHELP.DLL
0x00007ffd73d00000 - 0x00007ffd73d2c000 	C:\WINDOWS\SYSTEM32\dbgcore.DLL
0x00007ffd7cd50000 - 0x00007ffd7cdd2000 	C:\WINDOWS\System32\bcryptPrimitives.dll
0x00007ffd77210000 - 0x00007ffd7721e000 	C:\Users\Sus\.jdks\corretto-17.0.5\bin\instrument.dll
0x00007ffd75580000 - 0x00007ffd755a5000 	C:\Users\Sus\.jdks\corretto-17.0.5\bin\java.dll

dbghelp: loaded successfully - version: 4.0.5 - missing functions: none
symbol engine: initialized successfully - sym options: 0x614 - pdb path: .;C:\Users\Sus\.jdks\corretto-17.0.5\bin;C:\WINDOWS\SYSTEM32;C:\WINDOWS\WinSxS\amd64_microsoft.windows.common-controls_6595b64144ccf1df_6.0.19041.1110_none_60b5254171f9507e;C:\Program Files (x86)\360\Total Security\safemon;C:\Users\Sus\.jdks\corretto-17.0.5\bin\server

VM Arguments:
jvm_args: -XX:TieredStopAtLevel=1 -Xverify:none -Dspring.output.ansi.enabled=always -Dcom.sun.management.jmxremote -Dspring.jmx.enabled=true -Dspring.liveBeansView.mbeanDomain -Dspring.application.admin.enabled=true -javaagent:C:\Program Files\JetBrains\IntelliJ IDEA 2022.1.2\lib\idea_rt.jar=64187:C:\Program Files\JetBrains\IntelliJ IDEA 2022.1.2\bin -Dfile.encoding=UTF-8 
java_command: com.example.carsshopam.CarsShopAmApplication
java_class_path (initial): C:\Users\Sus\IdeaProjects\CarsShopAm\target\classes;C:\Users\Sus\.m2\repository\io\springfox\springfox-boot-starter\3.0.0\springfox-boot-starter-3.0.0.jar;C:\Users\Sus\.m2\repository\io\springfox\springfox-oas\3.0.0\springfox-oas-3.0.0.jar;C:\Users\Sus\.m2\repository\io\swagger\core\v3\swagger-annotations\2.1.2\swagger-annotations-2.1.2.jar;C:\Users\Sus\.m2\repository\io\swagger\core\v3\swagger-models\2.1.2\swagger-models-2.1.2.jar;C:\Users\Sus\.m2\repository\io\springfox\springfox-spi\3.0.0\springfox-spi-3.0.0.jar;C:\Users\Sus\.m2\repository\io\springfox\springfox-schema\3.0.0\springfox-schema-3.0.0.jar;C:\Users\Sus\.m2\repository\io\springfox\springfox-core\3.0.0\springfox-core-3.0.0.jar;C:\Users\Sus\.m2\repository\io\springfox\springfox-spring-web\3.0.0\springfox-spring-web-3.0.0.jar;C:\Users\Sus\.m2\repository\io\github\classgraph\classgraph\4.8.83\classgraph-4.8.83.jar;C:\Users\Sus\.m2\repository\io\springfox\springfox-spring-webflux\3.0.0\springfox-spring-webflux-3.0.0.jar;C:\Users\Sus\.m2\repository\io\springfox\springfox-swagger-common\3.0.0\springfox-swagger-common-3.0.0.jar;C:\Users\Sus\.m2\repository\io\springfox\springfox-data-rest\3.0.0\springfox-data-rest-3.0.0.jar;C:\Users\Sus\.m2\repository\io\springfox\springfox-bean-validators\3.0.0\springfox-bean-validators-3.0.0.jar;C:\Users\Sus\.m2\repository\io\springfox\springfox-swagger2\3.0.0\springfox-swagger2-3.0.0.jar;C:\Users\Sus\.m2\repository\io\swagger\swagger-annotations\1.5.20\swagger-annotations-1.5.20.jar;C:\Users\Sus\.m2\repository\io\swagger\swagger-models\1.5.20\swagger-models-1.5.20.jar;C:\Users\Sus\.m2\repository\com\fasterxml\classmate\1.5.1\classmate-1.5.1.jar;C:\Users\Sus\.m2\repository\org\slf4j\slf4j-api\1.7.36\slf4j-api-1.7.36.jar;C:\Users\Sus\.m2\repository\org\springframework\plugin\spring-plugin-core\2.0.0.RELEASE\spring-plugin-core-2.0.0.RELEASE.jar;C:\Users\Sus\.m2\repository\org\springframework\spring-beans\5.3.24\spring-beans-5.3.24.jar;C:\Users\Sus\.
Launcher Type: SUN_STANDARD

[Global flags]
     intx CICompilerCount                          = 4                                         {product} {ergonomic}
     uint ConcGCThreads                            = 2                                         {product} {ergonomic}
     uint G1ConcRefinementThreads                  = 8                                         {product} {ergonomic}
   size_t G1HeapRegionSize                         = 2097152                                   {product} {ergonomic}
    uintx GCDrainStackTargetSize                   = 64                                        {product} {ergonomic}
   size_t InitialHeapSize                          = 190840832                                 {product} {ergonomic}
     bool ManagementServer                         = true                                      {product} {command line}
   size_t MarkStackSize                            = 4194304                                   {product} {ergonomic}
   size_t MaxHeapSize                              = 3026190336                                {product} {ergonomic}
   size_t MinHeapDeltaBytes                        = 2097152                                   {product} {ergonomic}
   size_t MinHeapSize                              = 8388608                                   {product} {ergonomic}
    uintx NonProfiledCodeHeapSize                  = 0                                      {pd product} {ergonomic}
     bool ProfileInterpreter                       = false                                  {pd product} {command line}
    uintx ProfiledCodeHeapSize                     = 0                                      {pd product} {ergonomic}
   size_t SoftMaxHeapSize                          = 3026190336                             {manageable} {ergonomic}
     intx TieredStopAtLevel                        = 1                                         {product} {command line}
     bool UseCompressedClassPointers               = true                           {product lp64_product} {ergonomic}
     bool UseCompressedOops                        = true                           {product lp64_product} {ergonomic}
     bool UseG1GC                                  = true                                      {product} {ergonomic}
     bool UseLargePagesIndividualAllocation        = false                                  {pd product} {ergonomic}

Logging:
Log output configuration:
 #0: stdout all=warning uptime,level,tags
 #1: stderr all=off uptime,level,tags

Environment Variables:
PATH=C:\WINDOWS\system32;C:\WINDOWS;C:\WINDOWS\System32\Wbem;C:\WINDOWS\System32\WindowsPowerShell\v1.0\;C:\Program Files\nodejs\;C:\WINDOWS\System32\OpenSSH\;C:\Program Files\Git\cmd;C:\Program Files\wget;C:\Program Files\MySQL\MySQL Shell 8.0\bin\;C:\Users\Sus\AppData\Local\Microsoft\WindowsApps;C:\Users\Sus\AppData\Roaming\npm;;C:\Users\Sus\AppData\Local\Programs\Microsoft VS Code\bin
USERNAME=Sus
OS=Windows_NT
PROCESSOR_IDENTIFIER=Intel64 Family 6 Model 142 Stepping 10, GenuineIntel
TMP=C:\Users\Sus\AppData\Local\Temp
TEMP=C:\Users\Sus\AppData\Local\Temp



---------------  S Y S T E M  ---------------

OS:
 Windows 10 , 64 bit Build 19041 (10.0.19041.2251)
OS uptime: 21 days 12:00 hours

CPU: total 8 (initial active 8) (4 cores per cpu, 2 threads per core) family 6 model 142 stepping 10 microcode 0xb4, cx8, cmov, fxsr, ht, mmx, 3dnowpref, sse, sse2, sse3, ssse3, sse4.1, sse4.2, popcnt, lzcnt, tsc, tscinvbit, avx, avx2, aes, erms, clmul, bmi1, bmi2, adx, fma, vzeroupper, clflush, clflushopt

Memory: 4k page, system-wide physical 11537M (1002M free)
TotalPageFile size 26631M (AvailPageFile size 5M)
current process WorkingSet (physical memory assigned to process): 11M, peak: 11M
current process commit charge ("private bytes"): 240M, peak: 243M

vm_info: OpenJDK 64-Bit Server VM (17.0.5+8-LTS) for windows-amd64 JRE (17.0.5+8-LTS), built on Oct 13 2022 05:18:14 by "Administrator" with MS VC++ 15.9 (VS2017)

END.
